Compilación iniciada a las 23/04/2015 10:09:31 a. m..
     1>Proyecto "C:\Users\Nacho\Documents\GitHub\obligatorioA2\ObliAlg2\Framework\Framework.vcxproj" en el nodo 2 (Rebuild destinos).
     1>ClCompile:
         C:\Program Files (x86)\Microsoft Visual Studio 11.0\VC\bin\CL.exe /c /ZI /nologo /W3 /WX- /MP /Od /Oy- /D WIN32 /D _DEBUG /D _LIB /D _UNICODE /D UNICODE /Gm- /EHsc /RTC1 /MDd /GS /fp:precise /Zc:wchar_t /Zc:forScope /Fo"Debug\\" /Fd"Debug\vc110.pdb" /Gd /TP /analyze- /errorReport:prompt Array.cpp ArrayIteracion.cpp Puntero.cpp Cadena.cpp Comparador.cpp CadenaFuncionHash.cpp ConcatIteracion.cpp ConvertIteracion.cpp Iterador.cpp Matriz.cpp MatrizIteracion.cpp MemoryShare.cpp ConductorPrueba.cpp EstadisticaPrueba.cpp ManejadorImpresion.cpp ManejadorImpresionTxt.cpp ManejadorImpresionXml.cpp Prueba.cpp PruebaMemoria.cpp Tupla.cpp
         Array.cpp
         ArrayIteracion.cpp
         Puntero.cpp
         Cadena.cpp
         Comparador.cpp
         CadenaFuncionHash.cpp
         ConcatIteracion.cpp
         ConvertIteracion.cpp
         Iterador.cpp
         Matriz.cpp
         MatrizIteracion.cpp
         MemoryShare.cpp
         ConductorPrueba.cpp
         EstadisticaPrueba.cpp
         ManejadorImpresion.cpp
         ManejadorImpresionTxt.cpp
         ManejadorImpresionXml.cpp
         Prueba.cpp
         PruebaMemoria.cpp
         Tupla.cpp
       Lib:
         C:\Program Files (x86)\Microsoft Visual Studio 11.0\VC\bin\Lib.exe /OUT:"Debug\Framework.lib" /NOLOGO /IGNORE:4221 Debug\Array.obj
         Debug\ArrayIteracion.obj
         Debug\Puntero.obj
         Debug\Cadena.obj
         Debug\Comparador.obj
         Debug\CadenaFuncionHash.obj
         Debug\ConcatIteracion.obj
         Debug\ConvertIteracion.obj
         Debug\Iterador.obj
         Debug\Matriz.obj
         Debug\MatrizIteracion.obj
         Debug\MemoryShare.obj
         Debug\ConductorPrueba.obj
         Debug\EstadisticaPrueba.obj
         Debug\ManejadorImpresion.obj
         Debug\ManejadorImpresionTxt.obj
         Debug\ManejadorImpresionXml.obj
         Debug\Prueba.obj
         Debug\PruebaMemoria.obj
         Debug\Tupla.obj
         Framework.vcxproj -> C:\Users\Nacho\Documents\GitHub\obligatorioA2\ObliAlg2\Framework\Debug\Framework.lib
     1>Compilación del proyecto terminada "C:\Users\Nacho\Documents\GitHub\obligatorioA2\ObliAlg2\Framework\Framework.vcxproj" (Rebuild destinos).

Compilación correcta.

Tiempo transcurrido 00:00:10.10
